Using pre-set license
Built from '2020.3/staging' branch; Version is '2020.3.6f1 (338bb68529b2) revision 3378102'; Using compiler version '192528614'; Build Type 'Release'
OS: 'Windows 10 Pro; OS build 19043.1288; Version 2009; 64bit' Language: 'pt' Physical Memory: 16221 MB
BatchMode: 1, IsHumanControllingUs: 0, StartBugReporterOnCrash: 0, Is64bit: 1, IsPro: 0

 COMMAND LINE ARGUMENTS:
C:\Program Files\Unity\Hub\Editor\2020.3.6f1\Editor\Unity.exe
-adb2
-batchMode
-noUpm
-name
AssetImportWorker0
-projectPath
C:/Users/bruno/Documents/GitHub/Triplano EndlessRunner
-logFile
Logs/AssetImportWorker0.log
-srvPort
50277
Successfully changed project path to: C:/Users/bruno/Documents/GitHub/Triplano EndlessRunner
C:/Users/bruno/Documents/GitHub/Triplano EndlessRunner
Using Asset Import Pipeline V2.
Refreshing native plugins compatible for Editor in 92.55 ms, found 0 plugins.
Preloading 0 native plugins for Editor in 0.00 ms.
Initialize engine version: 2020.3.6f1 (338bb68529b2)
[Subsystems] Discovering subsystems at path C:/Program Files/Unity/Hub/Editor/2020.3.6f1/Editor/Data/Resources/UnitySubsystems
[Subsystems] Discovering subsystems at path C:/Users/bruno/Documents/GitHub/Triplano EndlessRunner/Assets
GfxDevice: creating device client; threaded=0
Direct3D:
    Version:  Direct3D 11.0 [level 11.1]
    Renderer: NVIDIA GeForce GTX 1650 (ID=0x1f91)
    Vendor:   
    VRAM:     3962 MB
    Driver:   30.0.14.9649
Shader 'Universal Render Pipeline/Particles/Lit': fallback shader 'Universal Render Pipeline/Particles/SimpleLit' not found
Initialize mono
Mono path[0] = 'C:/Program Files/Unity/Hub/Editor/2020.3.6f1/Editor/Data/Managed'
Mono path[1] = 'C:/Program Files/Unity/Hub/Editor/2020.3.6f1/Editor/Data/MonoBleedingEdge/lib/mono/unityjit'
Mono config path = 'C:/Program Files/Unity/Hub/Editor/2020.3.6f1/Editor/Data/MonoBleedingEdge/etc'
Using monoOptions --debugger-agent=transport=dt_socket,embedding=1,server=y,suspend=n,address=127.0.0.1:56448
Begin MonoManager ReloadAssembly
Registering precompiled unity dll's ...
Register platform support module: C:/Program Files/Unity/Hub/Editor/2020.3.6f1/Editor/Data/PlaybackEngines/WindowsStandaloneSupport/UnityEditor.WindowsStandalone.Extensions.dll
Registered in 0.001846 seconds.
Native extension for WindowsStandalone target not found
Refreshing native plugins compatible for Editor in 97.71 ms, found 0 plugins.
Preloading 0 native plugins for Editor in 0.00 ms.
Mono: successfully reloaded assembly
- Completed reload, in  1.746 seconds
Platform modules already initialized, skipping
Registering precompiled user dll's ...
Registered in 0.001923 seconds.
Begin MonoManager ReloadAssembly
Native extension for WindowsStandalone target not found
Refreshing native plugins compatible for Editor in 98.09 ms, found 0 plugins.
Preloading 0 native plugins for Editor in 0.00 ms.
Mono: successfully reloaded assembly
- Completed reload, in  1.040 seconds
Platform modules already initialized, skipping
========================================================================
Worker process is ready to serve import requests
Shader 'Universal Render Pipeline/Particles/Lit': fallback shader 'Universal Render Pipeline/Particles/SimpleLit' not found
Launched and connected shader compiler UnityShaderCompiler.exe after 0.06 seconds
Refreshing native plugins compatible for Editor in 1.04 ms, found 0 plugins.
Preloading 0 native plugins for Editor in 0.00 ms.
Unloading 2962 Unused Serialized files (Serialized files now loaded: 0)
System memory in use before: 158.1 MB.
System memory in use after: 158.3 MB.

Unloading 13 unused Assets to reduce memory usage. Loaded Objects now: 3433.
Total: 2.645800 ms (FindLiveObjects: 0.300800 ms CreateObjectMapping: 0.141400 ms MarkObjects: 2.137100 ms  DeleteObjects: 0.065300 ms)

========================================================================
Received Import Request.
  path: Assets/ExternalAssets/GUI Kit Casual Game/Scenes
  artifactKey: Guid(385c4edb71f404c3b9afccace2ef4dac) Importer(815301076,1909f56bfc062723c751e8b465ee728b)
Start importing Assets/ExternalAssets/GUI Kit Casual Game/Scenes using Guid(385c4edb71f404c3b9afccace2ef4dac) Importer(815301076,1909f56bfc062723c751e8b465ee728b)  -> (artifact id: '441f27506eecc7d92a032f97425951aa') in 0.010678 seconds
  Import took 0.017250 seconds .

========================================================================
Received Import Request.
  Time since last request: 283.560996 seconds.
  path: Assets/ExternalAssets/GUI Kit Casual Game/Prefabs/UI_Other/Icon_Lock_Large.prefab
  artifactKey: Guid(4bf3c3af09ebe4d84be5e40834d38a09) Importer(815301076,1909f56bfc062723c751e8b465ee728b)
Start importing Assets/ExternalAssets/GUI Kit Casual Game/Prefabs/UI_Other/Icon_Lock_Large.prefab using Guid(4bf3c3af09ebe4d84be5e40834d38a09) Importer(815301076,1909f56bfc062723c751e8b465ee728b)  -> (artifact id: '32cd95c1cff9b1c8b5b1cd40c1dbc009') in 0.086675 seconds
  Import took 0.093868 seconds .

========================================================================
Received Import Request.
  Time since last request: 0.323809 seconds.
  path: Assets/ExternalAssets/GUI Kit Casual Game/Prefabs/UI_Other/Icon_Lock_Gold.prefab
  artifactKey: Guid(a60b3f43c2b214652b932323696c5e8e) Importer(815301076,1909f56bfc062723c751e8b465ee728b)
Start importing Assets/ExternalAssets/GUI Kit Casual Game/Prefabs/UI_Other/Icon_Lock_Gold.prefab using Guid(a60b3f43c2b214652b932323696c5e8e) Importer(815301076,1909f56bfc062723c751e8b465ee728b)  -> (artifact id: '9809d46121b64a2ec131b0e77452c124') in 0.008704 seconds
  Import took 0.014381 seconds .

========================================================================
Received Import Request.
  Time since last request: 1.103552 seconds.
  path: Assets/ExternalAssets/GUI Kit Casual Game/Prefabs/UI_Other/GoldenPass.prefab
  artifactKey: Guid(7df3260db5d73407f9212813b6392769) Importer(815301076,1909f56bfc062723c751e8b465ee728b)
Start importing Assets/ExternalAssets/GUI Kit Casual Game/Prefabs/UI_Other/GoldenPass.prefab using Guid(7df3260db5d73407f9212813b6392769) Importer(815301076,1909f56bfc062723c751e8b465ee728b)  -> (artifact id: 'ffb3cbd97d46a68076bba866d7b93b47') in 0.045714 seconds
  Import took 0.087947 seconds .

========================================================================
Received Import Request.
  Time since last request: 0.920506 seconds.
  path: Assets/ExternalAssets/GUI Kit Casual Game/Prefabs/UI_Other/Equip_Slot_Lock.prefab
  artifactKey: Guid(a9cc89733e5f54ea68eea81721314bba) Importer(815301076,1909f56bfc062723c751e8b465ee728b)
Start importing Assets/ExternalAssets/GUI Kit Casual Game/Prefabs/UI_Other/Equip_Slot_Lock.prefab using Guid(a9cc89733e5f54ea68eea81721314bba) Importer(815301076,1909f56bfc062723c751e8b465ee728b)  -> (artifact id: 'f58d20f4fe08a309485887902ebd9b95') in 0.015014 seconds
  Import took 0.051787 seconds .

========================================================================
Received Import Request.
  Time since last request: 0.777892 seconds.
  path: Assets/ExternalAssets/GUI Kit Casual Game/Prefabs/UI_Other/Character_Stage_Slot_Normal.prefab
  artifactKey: Guid(9cd9eeba7b6564ca5a406043e657c904) Importer(815301076,1909f56bfc062723c751e8b465ee728b)
Start importing Assets/ExternalAssets/GUI Kit Casual Game/Prefabs/UI_Other/Character_Stage_Slot_Normal.prefab using Guid(9cd9eeba7b6564ca5a406043e657c904) Importer(815301076,1909f56bfc062723c751e8b465ee728b)  -> (artifact id: '4fc09951db841aaf211de5fec29ab81f') in 0.013830 seconds
  Import took 0.052040 seconds .

========================================================================
Received Import Request.
  Time since last request: 24.664841 seconds.
  path: Assets/ExternalAssets/GUI Kit Casual Game/ResourcesData/Sprite/Mission/mission_list_reward_gold.png
  artifactKey: Guid(35e4ceee666464b0ab5525eef8ac4e24) Importer(815301076,1909f56bfc062723c751e8b465ee728b)
Start importing Assets/ExternalAssets/GUI Kit Casual Game/ResourcesData/Sprite/Mission/mission_list_reward_gold.png using Guid(35e4ceee666464b0ab5525eef8ac4e24) Importer(815301076,1909f56bfc062723c751e8b465ee728b)  -> (artifact id: '9df84c4f2c0b2c5203633d3a1ee1b1cd') in 0.136282 seconds
  Import took 0.141854 seconds .

========================================================================
Received Import Request.
  Time since last request: 0.000266 seconds.
  path: Assets/ExternalAssets/GUI Kit Casual Game/ResourcesData/Sprite/Reward/reward_month_icon_gold.png
  artifactKey: Guid(8707475047dfe4c8ebafa3eced6bcfa2) Importer(815301076,1909f56bfc062723c751e8b465ee728b)
Start importing Assets/ExternalAssets/GUI Kit Casual Game/ResourcesData/Sprite/Reward/reward_month_icon_gold.png using Guid(8707475047dfe4c8ebafa3eced6bcfa2) Importer(815301076,1909f56bfc062723c751e8b465ee728b)  -> (artifact id: 'cc76eb31a1447861e65538ed53fa3cc1') in 0.013904 seconds
  Import took 0.019326 seconds .

========================================================================
Received Import Request.
  Time since last request: 0.000311 seconds.
  path: Assets/ExternalAssets/GUI Kit Casual Game/ResourcesData/Sprite/Mission/mission_reward_icon_gold.png
  artifactKey: Guid(c3060093b5d684047a11461e7f1e59d3) Importer(815301076,1909f56bfc062723c751e8b465ee728b)
Start importing Assets/ExternalAssets/GUI Kit Casual Game/ResourcesData/Sprite/Mission/mission_reward_icon_gold.png using Guid(c3060093b5d684047a11461e7f1e59d3) Importer(815301076,1909f56bfc062723c751e8b465ee728b)  -> (artifact id: '8c2c7b6ab16f5972110e805d4ffe7300') in 0.031785 seconds
  Import took 0.037522 seconds .

========================================================================
Received Import Request.
  Time since last request: 0.000335 seconds.
  path: Assets/ExternalAssets/GUI Kit Casual Game/ResourcesData/Sprite/Lobby/lobby_token_gold.png
  artifactKey: Guid(1d7208690780e4460905c3cea38318bb) Importer(815301076,1909f56bfc062723c751e8b465ee728b)
Start importing Assets/ExternalAssets/GUI Kit Casual Game/ResourcesData/Sprite/Lobby/lobby_token_gold.png using Guid(1d7208690780e4460905c3cea38318bb) Importer(815301076,1909f56bfc062723c751e8b465ee728b)  -> (artifact id: '695fdd462d7c3e40ee541aacd9c4a105') in 0.013496 seconds
  Import took 0.018895 seconds .

========================================================================
Received Import Request.
  Time since last request: 0.000265 seconds.
  path: Assets/ExternalAssets/GUI Kit Casual Game/ResourcesData/Sprite/Pass/pass_gold_bg.png
  artifactKey: Guid(7e09983b655f24cf390307d4b52ceb6b) Importer(815301076,1909f56bfc062723c751e8b465ee728b)
Start importing Assets/ExternalAssets/GUI Kit Casual Game/ResourcesData/Sprite/Pass/pass_gold_bg.png using Guid(7e09983b655f24cf390307d4b52ceb6b) Importer(815301076,1909f56bfc062723c751e8b465ee728b)  -> (artifact id: '8c983bfab8060271af3ccc5a329199c8') in 0.011034 seconds
  Import took 0.016624 seconds .

========================================================================
Received Import Request.
  Time since last request: 0.000239 seconds.
  path: Assets/ExternalAssets/GUI Kit Casual Game/ResourcesData/Sprite/Shop/shop_img_gold_1.png
  artifactKey: Guid(2340e003a4a6745a8929491f3b365cea) Importer(815301076,1909f56bfc062723c751e8b465ee728b)
Start importing Assets/ExternalAssets/GUI Kit Casual Game/ResourcesData/Sprite/Shop/shop_img_gold_1.png using Guid(2340e003a4a6745a8929491f3b365cea) Importer(815301076,1909f56bfc062723c751e8b465ee728b)  -> (artifact id: '06b86af6891398ce3b99d0c307d2dbfc') in 0.013812 seconds
  Import took 0.019734 seconds .

========================================================================
Received Import Request.
  Time since last request: 0.000214 seconds.
  path: Assets/ExternalAssets/GUI Kit Casual Game/ResourcesData/Sprite/Shop/shop_back_effect_gold.png
  artifactKey: Guid(28e5deb1f4874437089080a6da44e045) Importer(815301076,1909f56bfc062723c751e8b465ee728b)
Start importing Assets/ExternalAssets/GUI Kit Casual Game/ResourcesData/Sprite/Shop/shop_back_effect_gold.png using Guid(28e5deb1f4874437089080a6da44e045) Importer(815301076,1909f56bfc062723c751e8b465ee728b)  -> (artifact id: '76517777adf8abb2d919d035003dc114') in 0.026599 seconds
  Import took 0.031990 seconds .

========================================================================
Received Import Request.
  Time since last request: 0.000308 seconds.
  path: Assets/ExternalAssets/GUI Kit Casual Game/ResourcesData/Sprite/PopupSubscribe/special_icon_gem_gold.png
  artifactKey: Guid(cf218fd3f78cc4191bdf56c712995893) Importer(815301076,1909f56bfc062723c751e8b465ee728b)
Start importing Assets/ExternalAssets/GUI Kit Casual Game/ResourcesData/Sprite/PopupSubscribe/special_icon_gem_gold.png using Guid(cf218fd3f78cc4191bdf56c712995893) Importer(815301076,1909f56bfc062723c751e8b465ee728b)  -> (artifact id: '9378a5ec5c5763277f5306577d6c685a') in 0.013630 seconds
  Import took 0.018601 seconds .

========================================================================
Received Import Request.
  Time since last request: 0.000332 seconds.
  path: Assets/ExternalAssets/GUI Kit Casual Game/ResourcesData/Sprite/Common/reward_icon_gold.png
  artifactKey: Guid(b9d0300c581154c618942cb476c47985) Importer(815301076,1909f56bfc062723c751e8b465ee728b)
Start importing Assets/ExternalAssets/GUI Kit Casual Game/ResourcesData/Sprite/Common/reward_icon_gold.png using Guid(b9d0300c581154c618942cb476c47985) Importer(815301076,1909f56bfc062723c751e8b465ee728b)  -> (artifact id: '0947ab33f93f8d90895e53b7650a2a45') in 0.013566 seconds
  Import took 0.019038 seconds .

========================================================================
Received Import Request.
  Time since last request: 0.000195 seconds.
  path: Assets/ExternalAssets/GUI Kit Casual Game/ResourcesData/Sprite/Pass/pass_token_gold.png
  artifactKey: Guid(9ee48157d016c4b689a2d28815ca6bc2) Importer(815301076,1909f56bfc062723c751e8b465ee728b)
Start importing Assets/ExternalAssets/GUI Kit Casual Game/ResourcesData/Sprite/Pass/pass_token_gold.png using Guid(9ee48157d016c4b689a2d28815ca6bc2) Importer(815301076,1909f56bfc062723c751e8b465ee728b)  -> (artifact id: 'c15ed2246fd30ff530f815a359da8839') in 0.013803 seconds
  Import took 0.020088 seconds .

========================================================================
Received Import Request.
  Time since last request: 0.000230 seconds.
  path: Assets/ExternalAssets/GUI Kit Casual Game/ResourcesData/Sprite/Stage/stage_icon_gold.png
  artifactKey: Guid(808fbd9aa05d24d049320db1a0b7176b) Importer(815301076,1909f56bfc062723c751e8b465ee728b)
Start importing Assets/ExternalAssets/GUI Kit Casual Game/ResourcesData/Sprite/Stage/stage_icon_gold.png using Guid(808fbd9aa05d24d049320db1a0b7176b) Importer(815301076,1909f56bfc062723c751e8b465ee728b)  -> (artifact id: '52f3123499efd2d824bc96f2a84469ee') in 0.014679 seconds
  Import took 0.020749 seconds .

========================================================================
Received Import Request.
  Time since last request: 0.000296 seconds.
  path: Assets/ExternalAssets/GUI Kit Casual Game/ResourcesData/Sprite/Ranking/ranking_medal_gold.png
  artifactKey: Guid(a3f6ade06695e433b90d2395867e368a) Importer(815301076,1909f56bfc062723c751e8b465ee728b)
Start importing Assets/ExternalAssets/GUI Kit Casual Game/ResourcesData/Sprite/Ranking/ranking_medal_gold.png using Guid(a3f6ade06695e433b90d2395867e368a) Importer(815301076,1909f56bfc062723c751e8b465ee728b)  -> (artifact id: 'd3b9640f209c6d9c064ca33e42d01569') in 0.014122 seconds
  Import took 0.019204 seconds .

========================================================================
Received Import Request.
  Time since last request: 0.000229 seconds.
  path: Assets/ExternalAssets/GUI Kit Casual Game/ResourcesData/Sprite/Inbox/inbox_reward_gold.png
  artifactKey: Guid(abb96bbc164304c69af8d0a9cf8cf261) Importer(815301076,1909f56bfc062723c751e8b465ee728b)
Start importing Assets/ExternalAssets/GUI Kit Casual Game/ResourcesData/Sprite/Inbox/inbox_reward_gold.png using Guid(abb96bbc164304c69af8d0a9cf8cf261) Importer(815301076,1909f56bfc062723c751e8b465ee728b)  -> (artifact id: 'b1e09067e61cf06bd4fd0fdd2f9dbf1a') in 0.014198 seconds
  Import took 0.019464 seconds .

========================================================================
Received Import Request.
  Time since last request: 0.000252 seconds.
  path: Assets/ExternalAssets/GUI Kit Casual Game/ResourcesData/Sprite/Shop/shop_img_gold_0.png
  artifactKey: Guid(82813c074e2854877b1382f0e987511b) Importer(815301076,1909f56bfc062723c751e8b465ee728b)
Start importing Assets/ExternalAssets/GUI Kit Casual Game/ResourcesData/Sprite/Shop/shop_img_gold_0.png using Guid(82813c074e2854877b1382f0e987511b) Importer(815301076,1909f56bfc062723c751e8b465ee728b)  -> (artifact id: '0a40f4abc681b53b8ab8e3543f1b0cb8') in 0.014679 seconds
  Import took 0.020744 seconds .

========================================================================
Received Import Request.
  Time since last request: 0.000352 seconds.
  path: Assets/ExternalAssets/GUI Kit Casual Game/ResourcesData/Sprite/Setting/setting_reward_gold.png
  artifactKey: Guid(68c6dd55fbff84c598bad2cd9fa46a66) Importer(815301076,1909f56bfc062723c751e8b465ee728b)
Start importing Assets/ExternalAssets/GUI Kit Casual Game/ResourcesData/Sprite/Setting/setting_reward_gold.png using Guid(68c6dd55fbff84c598bad2cd9fa46a66) Importer(815301076,1909f56bfc062723c751e8b465ee728b)  -> (artifact id: '4380c2f0464c7fde59e816d9f90f4800') in 0.012021 seconds
  Import took 0.018478 seconds .

========================================================================
Received Import Request.
  Time since last request: 0.000264 seconds.
  path: Assets/ExternalAssets/GUI Kit Casual Game/ResourcesData/Sprite/OfflineReward/offline_reward_gold.png
  artifactKey: Guid(d790827655d49426fb2aec6c6fc9fc18) Importer(815301076,1909f56bfc062723c751e8b465ee728b)
Start importing Assets/ExternalAssets/GUI Kit Casual Game/ResourcesData/Sprite/OfflineReward/offline_reward_gold.png using Guid(d790827655d49426fb2aec6c6fc9fc18) Importer(815301076,1909f56bfc062723c751e8b465ee728b)  -> (artifact id: '629892f604a1a6b85ccea680e61fcbb4') in 0.013692 seconds
  Import took 0.018911 seconds .

========================================================================
Received Import Request.
  Time since last request: 0.000289 seconds.
  path: Assets/ExternalAssets/GUI Kit Casual Game/ResourcesData/Sprite/Pass/pass_reward_icon_gold.png
  artifactKey: Guid(cd9d2a266a4664cd692ce7c032361041) Importer(815301076,1909f56bfc062723c751e8b465ee728b)
Start importing Assets/ExternalAssets/GUI Kit Casual Game/ResourcesData/Sprite/Pass/pass_reward_icon_gold.png using Guid(cd9d2a266a4664cd692ce7c032361041) Importer(815301076,1909f56bfc062723c751e8b465ee728b)  -> (artifact id: '606e82834c1d5344bd990484659155ec') in 0.015501 seconds
  Import took 0.021555 seconds .

========================================================================
Received Import Request.
  Time since last request: 0.000319 seconds.
  path: Assets/ExternalAssets/GUI Kit Casual Game/ResourcesData/Sprite/Roulette/roulette_gold.png
  artifactKey: Guid(7872ace3dc2664a37b5618813a148479) Importer(815301076,1909f56bfc062723c751e8b465ee728b)
Start importing Assets/ExternalAssets/GUI Kit Casual Game/ResourcesData/Sprite/Roulette/roulette_gold.png using Guid(7872ace3dc2664a37b5618813a148479) Importer(815301076,1909f56bfc062723c751e8b465ee728b)  -> (artifact id: '5d9ca0996ac87550fe375a6a916e1100') in 0.014233 seconds
  Import took 0.019611 seconds .

========================================================================
Received Import Request.
  Time since last request: 0.000271 seconds.
  path: Assets/ExternalAssets/GUI Kit Casual Game/ResourcesData/Sprite/Shop/shop_img_gold_3.png
  artifactKey: Guid(8222ee04859dd4fe5b07c16b5439f249) Importer(815301076,1909f56bfc062723c751e8b465ee728b)
Start importing Assets/ExternalAssets/GUI Kit Casual Game/ResourcesData/Sprite/Shop/shop_img_gold_3.png using Guid(8222ee04859dd4fe5b07c16b5439f249) Importer(815301076,1909f56bfc062723c751e8b465ee728b)  -> (artifact id: '54e876c9304b01679fde61b24a7ddd5d') in 0.015002 seconds
  Import took 0.020417 seconds .

========================================================================
Received Import Request.
  Time since last request: 0.000383 seconds.
  path: Assets/ExternalAssets/GUI Kit Casual Game/ResourcesData/Sprite/Shop/shop_img_gold_2.png
  artifactKey: Guid(928516686caa643f5b6615dc945cff34) Importer(815301076,1909f56bfc062723c751e8b465ee728b)
Start importing Assets/ExternalAssets/GUI Kit Casual Game/ResourcesData/Sprite/Shop/shop_img_gold_2.png using Guid(928516686caa643f5b6615dc945cff34) Importer(815301076,1909f56bfc062723c751e8b465ee728b)  -> (artifact id: 'ccc4c7edf3691fd4541018bff834ddf7') in 0.014958 seconds
  Import took 0.019878 seconds .

========================================================================
Received Import Request.
  Time since last request: 0.000230 seconds.
  path: Assets/ExternalAssets/GUI Kit Casual Game/ResourcesData/Sprite/Reward/reward_week_icon_gold.png
  artifactKey: Guid(7a5cefdc871c749e2ac97673e7dd3c4f) Importer(815301076,1909f56bfc062723c751e8b465ee728b)
Start importing Assets/ExternalAssets/GUI Kit Casual Game/ResourcesData/Sprite/Reward/reward_week_icon_gold.png using Guid(7a5cefdc871c749e2ac97673e7dd3c4f) Importer(815301076,1909f56bfc062723c751e8b465ee728b)  -> (artifact id: '003861d75db843e904f8bd81177a9a53') in 0.013318 seconds
  Import took 0.018024 seconds .

========================================================================
Received Import Request.
  Time since last request: 0.000276 seconds.
  path: Assets/ExternalAssets/GUI Kit Casual Game/ResourcesData/Sprite/Shop/shop_img_gold_4.png
  artifactKey: Guid(61725b696bb9b4c73bb7f577825b65b2) Importer(815301076,1909f56bfc062723c751e8b465ee728b)
Start importing Assets/ExternalAssets/GUI Kit Casual Game/ResourcesData/Sprite/Shop/shop_img_gold_4.png using Guid(61725b696bb9b4c73bb7f577825b65b2) Importer(815301076,1909f56bfc062723c751e8b465ee728b)  -> (artifact id: '634981f1cd2389cb20334141adc1983b') in 0.015019 seconds
  Import took 0.020607 seconds .

========================================================================
Received Import Request.
  Time since last request: 0.000220 seconds.
  path: Assets/ExternalAssets/GUI Kit Casual Game/ResourcesData/Sprite/Pass/icon_golden_pass.png
  artifactKey: Guid(7898208bc763a45b7a72df205c9f0755) Importer(815301076,1909f56bfc062723c751e8b465ee728b)
Start importing Assets/ExternalAssets/GUI Kit Casual Game/ResourcesData/Sprite/Pass/icon_golden_pass.png using Guid(7898208bc763a45b7a72df205c9f0755) Importer(815301076,1909f56bfc062723c751e8b465ee728b)  -> (artifact id: '90bb5947de3fcef2b473e25cfe909e22') in 0.012723 seconds
  Import took 0.018866 seconds .

========================================================================
Received Import Request.
  Time since last request: 5.872276 seconds.
  path: Assets/ExternalAssets/GUI Kit Casual Game/ResourcesData/Sprite/Equipment_Inventory/equipicon_sample_key_gold.png
  artifactKey: Guid(9f8ec0d58522f429d938ada2e1aa5296) Importer(815301076,1909f56bfc062723c751e8b465ee728b)
Start importing Assets/ExternalAssets/GUI Kit Casual Game/ResourcesData/Sprite/Equipment_Inventory/equipicon_sample_key_gold.png using Guid(9f8ec0d58522f429d938ada2e1aa5296) Importer(815301076,1909f56bfc062723c751e8b465ee728b)  -> (artifact id: 'fd6c9e277fb642e0f8cd494828b8757f') in 0.014445 seconds
  Import took 0.057161 seconds .

========================================================================
Received Import Request.
  Time since last request: 0.027426 seconds.
  path: Assets/ExternalAssets/GUI Kit Casual Game/ResourcesData/Sprite/Common/btn_icon_gold.png
  artifactKey: Guid(52066fc285ffc4bb0b9fc98f1d840149) Importer(815301076,1909f56bfc062723c751e8b465ee728b)
Start importing Assets/ExternalAssets/GUI Kit Casual Game/ResourcesData/Sprite/Common/btn_icon_gold.png using Guid(52066fc285ffc4bb0b9fc98f1d840149) Importer(815301076,1909f56bfc062723c751e8b465ee728b)  -> (artifact id: 'a5f50ff4ee14286ec666703933e396e5') in 0.018217 seconds
  Import took 0.024060 seconds .

========================================================================
Received Import Request.
  Time since last request: 7.097984 seconds.
  path: Assets/ExternalAssets/GUI Kit Casual Game/ResourcesData/Sprite/Stage/stage_icon_gold_dim.png
  artifactKey: Guid(a1570f9e78ea547af91f28afa5335c03) Importer(815301076,1909f56bfc062723c751e8b465ee728b)
Start importing Assets/ExternalAssets/GUI Kit Casual Game/ResourcesData/Sprite/Stage/stage_icon_gold_dim.png using Guid(a1570f9e78ea547af91f28afa5335c03) Importer(815301076,1909f56bfc062723c751e8b465ee728b)  -> (artifact id: 'fa743fdf444ba01fb26ec5ec02eab3ee') in 0.055445 seconds
  Import took 0.060769 seconds .

========================================================================
Received Import Request.
  Time since last request: 0.267538 seconds.
  path: Assets/ExternalAssets/GUI Kit Casual Game/ResourcesData/Sprite/Stage/stage_reward_icon_gold.png
  artifactKey: Guid(4df8f588e2dbd4977adde745edb6564a) Importer(815301076,1909f56bfc062723c751e8b465ee728b)
Start importing Assets/ExternalAssets/GUI Kit Casual Game/ResourcesData/Sprite/Stage/stage_reward_icon_gold.png using Guid(4df8f588e2dbd4977adde745edb6564a) Importer(815301076,1909f56bfc062723c751e8b465ee728b)  -> (artifact id: '2155ed126eb0abf76fae9bf2801e582f') in 0.051048 seconds
  Import took 0.056564 seconds .

========================================================================
Received Import Request.
  Time since last request: 0.000180 seconds.
  path: Assets/ExternalAssets/GUI Kit Casual Game/ResourcesData/Sprite/Common/top_status_icon_gold.png
  artifactKey: Guid(33effd6735e414dc7b70ded5e8bb47f8) Importer(815301076,1909f56bfc062723c751e8b465ee728b)
Start importing Assets/ExternalAssets/GUI Kit Casual Game/ResourcesData/Sprite/Common/top_status_icon_gold.png using Guid(33effd6735e414dc7b70ded5e8bb47f8) Importer(815301076,1909f56bfc062723c751e8b465ee728b)  -> (artifact id: '095dad6b3ef22204285a95971dd810aa') in 0.013046 seconds
  Import took 0.019567 seconds .

========================================================================
Received Import Request.
  Time since last request: 0.000215 seconds.
  path: Assets/ExternalAssets/GUI Kit Casual Game/ResourcesData/Sprite/Stage/stage_reward_icon_gold.png
  artifactKey: Guid(4df8f588e2dbd4977adde745edb6564a) Importer(815301076,1909f56bfc062723c751e8b465ee728b)
Start importing Assets/ExternalAssets/GUI Kit Casual Game/ResourcesData/Sprite/Stage/stage_reward_icon_gold.png using Guid(4df8f588e2dbd4977adde745edb6564a) Importer(815301076,1909f56bfc062723c751e8b465ee728b)  -> (artifact id: '2155ed126eb0abf76fae9bf2801e582f') in 0.011409 seconds
  Import took 0.016827 seconds .

========================================================================
Received Import Request.
  Time since last request: 0.000852 seconds.
  path: Assets/ExternalAssets/GUI Kit Casual Game/ResourcesData/Sprite/Common/top_status_icon_gold.png
  artifactKey: Guid(33effd6735e414dc7b70ded5e8bb47f8) Importer(815301076,1909f56bfc062723c751e8b465ee728b)
Start importing Assets/ExternalAssets/GUI Kit Casual Game/ResourcesData/Sprite/Common/top_status_icon_gold.png using Guid(33effd6735e414dc7b70ded5e8bb47f8) Importer(815301076,1909f56bfc062723c751e8b465ee728b)  -> (artifact id: '095dad6b3ef22204285a95971dd810aa') in 0.009838 seconds
  Import took 0.015115 seconds .

========================================================================
Received Import Request.
  Time since last request: 14.238400 seconds.
  path: Assets/ExternalAssets/GUI Kit Casual Game/Prefabs/UI_Other/Badge_Best.prefab
  artifactKey: Guid(607abae5bb89e4fcb89c13facff6b495) Importer(815301076,1909f56bfc062723c751e8b465ee728b)
Start importing Assets/ExternalAssets/GUI Kit Casual Game/Prefabs/UI_Other/Badge_Best.prefab using Guid(607abae5bb89e4fcb89c13facff6b495) Importer(815301076,1909f56bfc062723c751e8b465ee728b)  -> (artifact id: 'ff868067c6103fea259eb252f4584d94') in 0.008480 seconds
  Import took 0.051038 seconds .

========================================================================
Received Import Request.
  Time since last request: 0.000299 seconds.
  path: Assets/ExternalAssets/GUI Kit Casual Game/Prefabs/UI_Other/Character_Stage_Slot_Epic.prefab
  artifactKey: Guid(092815469915e4010891aa421142d909) Importer(815301076,1909f56bfc062723c751e8b465ee728b)
Start importing Assets/ExternalAssets/GUI Kit Casual Game/Prefabs/UI_Other/Character_Stage_Slot_Epic.prefab using Guid(092815469915e4010891aa421142d909) Importer(815301076,1909f56bfc062723c751e8b465ee728b)  -> (artifact id: 'fa5213a8dec065e5801d7e2a8ee7edd3') in 0.010402 seconds
  Import took 0.014474 seconds .

========================================================================
Received Import Request.
  Time since last request: 0.000267 seconds.
  path: Assets/ExternalAssets/GUI Kit Casual Game/Prefabs/UI_Other/Character_Slot_Legend.prefab
  artifactKey: Guid(62fd722eb53d34de5bb8db2878eb3bea) Importer(815301076,1909f56bfc062723c751e8b465ee728b)
Start importing Assets/ExternalAssets/GUI Kit Casual Game/Prefabs/UI_Other/Character_Slot_Legend.prefab using Guid(62fd722eb53d34de5bb8db2878eb3bea) Importer(815301076,1909f56bfc062723c751e8b465ee728b)  -> (artifact id: 'de2584308090be4cb0e3f8cb97a82a80') in 0.044677 seconds
  Import took 0.058968 seconds .

========================================================================
Received Import Request.
  Time since last request: 0.000281 seconds.
  path: Assets/ExternalAssets/GUI Kit Casual Game/Prefabs/UI_Other/Icon_Reward.prefab
  artifactKey: Guid(b84358e3cc41d4850baedd2dc20d7808) Importer(815301076,1909f56bfc062723c751e8b465ee728b)
Start importing Assets/ExternalAssets/GUI Kit Casual Game/Prefabs/UI_Other/Icon_Reward.prefab using Guid(b84358e3cc41d4850baedd2dc20d7808) Importer(815301076,1909f56bfc062723c751e8b465ee728b)  -> (artifact id: '12d7acfa8dde9bd006769c736109b0d0') in 0.009496 seconds
  Import took 0.015631 seconds .

========================================================================
Received Import Request.
  Time since last request: 0.000293 seconds.
  path: Assets/ExternalAssets/GUI Kit Casual Game/Prefabs/UI_Other/Character_Slot_Select.prefab
  artifactKey: Guid(0f049e4f16eea44098c0c7f4554e258a) Importer(815301076,1909f56bfc062723c751e8b465ee728b)
Start importing Assets/ExternalAssets/GUI Kit Casual Game/Prefabs/UI_Other/Character_Slot_Select.prefab using Guid(0f049e4f16eea44098c0c7f4554e258a) Importer(815301076,1909f56bfc062723c751e8b465ee728b)  -> (artifact id: '0b17928760b107a1c26a7e3a2cefb075') in 0.037621 seconds
  Import took 0.043257 seconds .

========================================================================
Received Import Request.
  Time since last request: 0.000286 seconds.
  path: Assets/ExternalAssets/GUI Kit Casual Game/Prefabs/UI_Other/Item_Magic.prefab
  artifactKey: Guid(06a842ea4adbe4170b316e95900d5a21) Importer(815301076,1909f56bfc062723c751e8b465ee728b)
Start importing Assets/ExternalAssets/GUI Kit Casual Game/Prefabs/UI_Other/Item_Magic.prefab using Guid(06a842ea4adbe4170b316e95900d5a21) Importer(815301076,1909f56bfc062723c751e8b465ee728b)  -> (artifact id: '698d5d673a4bc7df1c79c861b85a3019') in 0.013522 seconds
  Import took 0.018534 seconds .

========================================================================
Received Import Request.
  Time since last request: 0.000230 seconds.
  path: Assets/ExternalAssets/GUI Kit Casual Game/Prefabs/UI_Other/FreePass.prefab
  artifactKey: Guid(f9ae8d88f3a4e41d9bc98c8f4a3a4944) Importer(815301076,1909f56bfc062723c751e8b465ee728b)
Start importing Assets/ExternalAssets/GUI Kit Casual Game/Prefabs/UI_Other/FreePass.prefab using Guid(f9ae8d88f3a4e41d9bc98c8f4a3a4944) Importer(815301076,1909f56bfc062723c751e8b465ee728b)  -> (artifact id: '276f25d516ab599af1a0e3b027d79933') in 0.016531 seconds
  Import took 0.021876 seconds .

========================================================================
Received Import Request.
  Time since last request: 0.000270 seconds.
  path: Assets/ExternalAssets/GUI Kit Casual Game/Prefabs/UI_Other/Imte_Legend.prefab
  artifactKey: Guid(93a6071a8af20438b91d235001e5f16e) Importer(815301076,1909f56bfc062723c751e8b465ee728b)
Start importing Assets/ExternalAssets/GUI Kit Casual Game/Prefabs/UI_Other/Imte_Legend.prefab using Guid(93a6071a8af20438b91d235001e5f16e) Importer(815301076,1909f56bfc062723c751e8b465ee728b)  -> (artifact id: 'dd4481efe0a75e7d7400a95bb979ce1a') in 0.014007 seconds
  Import took 0.018672 seconds .

========================================================================
Received Import Request.
  Time since last request: 0.000228 seconds.
  path: Assets/ExternalAssets/GUI Kit Casual Game/Prefabs/UI_Other/Item_Epic.prefab
  artifactKey: Guid(ac5a41ef3a3ad489e91955b3f41a88db) Importer(815301076,1909f56bfc062723c751e8b465ee728b)
Start importing Assets/ExternalAssets/GUI Kit Casual Game/Prefabs/UI_Other/Item_Epic.prefab using Guid(ac5a41ef3a3ad489e91955b3f41a88db) Importer(815301076,1909f56bfc062723c751e8b465ee728b)  -> (artifact id: '19c8fcfe14b6766475ed0e9085c06df6') in 0.014185 seconds
  Import took 0.019226 seconds .

========================================================================
Received Import Request.
  Time since last request: 0.000291 seconds.
  path: Assets/ExternalAssets/GUI Kit Casual Game/Prefabs/UI_Other/Character_Slot_Epic.prefab
  artifactKey: Guid(4ea73e5fbd6ee475d93c9515d700fb53) Importer(815301076,1909f56bfc062723c751e8b465ee728b)
Start importing Assets/ExternalAssets/GUI Kit Casual Game/Prefabs/UI_Other/Character_Slot_Epic.prefab using Guid(4ea73e5fbd6ee475d93c9515d700fb53) Importer(815301076,1909f56bfc062723c751e8b465ee728b)  -> (artifact id: 'd1765be248ca2d80d0f6320089487776') in 0.038323 seconds
  Import took 0.043389 seconds .

========================================================================
Received Import Request.
  Time since last request: 0.000237 seconds.
  path: Assets/ExternalAssets/GUI Kit Casual Game/Prefabs/UI_Other/Equip_Slot_Add.prefab
  artifactKey: Guid(8c562ffc1b39745afa26201b28d6816c) Importer(815301076,1909f56bfc062723c751e8b465ee728b)
Start importing Assets/ExternalAssets/GUI Kit Casual Game/Prefabs/UI_Other/Equip_Slot_Add.prefab using Guid(8c562ffc1b39745afa26201b28d6816c) Importer(815301076,1909f56bfc062723c751e8b465ee728b)  -> (artifact id: 'b62c3d424fa4b53a24c3b392f4f2545b') in 0.008103 seconds
  Import took 0.012867 seconds .

========================================================================
Received Import Request.
  Time since last request: 0.000784 seconds.
  path: Assets/ExternalAssets/GUI Kit Casual Game/Prefabs/UI_Other/Character_Stage_Slot_Rare.prefab
  artifactKey: Guid(29c233e2665e147ef9a32bbaf05fe80e) Importer(815301076,1909f56bfc062723c751e8b465ee728b)
Start importing Assets/ExternalAssets/GUI Kit Casual Game/Prefabs/UI_Other/Character_Stage_Slot_Rare.prefab using Guid(29c233e2665e147ef9a32bbaf05fe80e) Importer(815301076,1909f56bfc062723c751e8b465ee728b)  -> (artifact id: 'da92dfd3321a45ed3a86d94d9bccfd24') in 0.010998 seconds
  Import took 0.016639 seconds .

========================================================================
Received Import Request.
  Time since last request: 0.000182 seconds.
  path: Assets/ExternalAssets/GUI Kit Casual Game/Prefabs/UI_Other/Character_Slot_Normal.prefab
  artifactKey: Guid(b4f94a261a8d04eda8ac45c5c9740cdb) Importer(815301076,1909f56bfc062723c751e8b465ee728b)
Start importing Assets/ExternalAssets/GUI Kit Casual Game/Prefabs/UI_Other/Character_Slot_Normal.prefab using Guid(b4f94a261a8d04eda8ac45c5c9740cdb) Importer(815301076,1909f56bfc062723c751e8b465ee728b)  -> (artifact id: 'db86d377f78a015513c4e3c87bd42955') in 0.022537 seconds
  Import took 0.027724 seconds .

========================================================================
Received Import Request.
  Time since last request: 0.000295 seconds.
  path: Assets/ExternalAssets/GUI Kit Casual Game/Prefabs/UI_Other/Character_Slot_Rare.prefab
  artifactKey: Guid(142beb11c92ec45789ece8a9b55f194a) Importer(815301076,1909f56bfc062723c751e8b465ee728b)
Start importing Assets/ExternalAssets/GUI Kit Casual Game/Prefabs/UI_Other/Character_Slot_Rare.prefab using Guid(142beb11c92ec45789ece8a9b55f194a) Importer(815301076,1909f56bfc062723c751e8b465ee728b)  -> (artifact id: '84f981deac2bcd164c258ca1c6f5cd84') in 0.037907 seconds
  Import took 0.043068 seconds .

========================================================================
Received Prepare
Registering precompiled user dll's ...
Registered in 0.002395 seconds.
Begin MonoManager ReloadAssembly
Native extension for WindowsStandalone target not found
Refreshing native plugins compatible for Editor in 0.91 ms, found 0 plugins.
Preloading 0 native plugins for Editor in 0.00 ms.
Mono: successfully reloaded assembly
- Completed reload, in  0.870 seconds
Platform modules already initialized, skipping
Switching build target platform(5) subTarget(0) extendedPlatform(0) -> platform(13) subTarget(537395200) extendedPlatform(0)
Shader 'Universal Render Pipeline/Particles/Lit': fallback shader 'Universal Render Pipeline/Particles/SimpleLit' not found
Refreshing native plugins compatible for Editor in 0.92 ms, found 0 plugins.
Preloading 0 native plugins for Editor in 0.00 ms.
Unloading 2832 Unused Serialized files (Serialized files now loaded: 0)
System memory in use before: 151.6 MB.
System memory in use after: 151.8 MB.

Unloading 6 unused Assets to reduce memory usage. Loaded Objects now: 3492.
Total: 3.026000 ms (FindLiveObjects: 0.424300 ms CreateObjectMapping: 0.244500 ms MarkObjects: 2.338600 ms  DeleteObjects: 0.017100 ms)

AssetImportParameters requested are different than current active one (requested -> active):
  custom:graphics/normal-map-encoding: 01000000000000000000000000000000 -> 02000000000000000000000000000000
========================================================================
Received Import Request.
  Time since last request: 373.227689 seconds.
  path: Assets/Animation/Boxer_Idle.fbx
  artifactKey: Guid(528b27af0b8bb3246baea003f72d2294) Importer(815301076,1909f56bfc062723c751e8b465ee728b)
Start importing Assets/Animation/Boxer_Idle.fbx using Guid(528b27af0b8bb3246baea003f72d2294) Importer(815301076,1909f56bfc062723c751e8b465ee728b)  -> (artifact id: 'f711247f2222248a00f09f6dab9a6408') in 0.046642 seconds
  Import took 0.052873 seconds .

========================================================================
Received Import Request.
  Time since last request: 33.715517 seconds.
  path: Assets/Animation/Boxer_Idle.fbx
  artifactKey: Guid(528b27af0b8bb3246baea003f72d2294) Importer(815301076,1909f56bfc062723c751e8b465ee728b)
Start importing Assets/Animation/Boxer_Idle.fbx using Guid(528b27af0b8bb3246baea003f72d2294) Importer(815301076,1909f56bfc062723c751e8b465ee728b)  -> (artifact id: 'a7fd6b21afb5bc5c4ecf69217be32b65') in 0.005279 seconds
  Import took 0.018923 seconds .

========================================================================
Received Import Request.
  Time since last request: 23.234788 seconds.
  path: Assets/Animation/man_lumberjack_Rig@Running Slide.fbx
  artifactKey: Guid(081ec22f194dd37459dd2f81947edc6e) Importer(815301076,1909f56bfc062723c751e8b465ee728b)
Start importing Assets/Animation/man_lumberjack_Rig@Running Slide.fbx using Guid(081ec22f194dd37459dd2f81947edc6e) Importer(815301076,1909f56bfc062723c751e8b465ee728b)  -> (artifact id: '79cbeee8892ea19f480cd904a84741f5') in 0.010704 seconds
  Import took 0.016182 seconds .

========================================================================
Received Import Request.
  Time since last request: 0.005175 seconds.
  path: Assets/Animation/man_lumberjack_Rig@Running Slide.fbx
  artifactKey: Guid(081ec22f194dd37459dd2f81947edc6e) Importer(815301076,1909f56bfc062723c751e8b465ee728b)
Start importing Assets/Animation/man_lumberjack_Rig@Running Slide.fbx using Guid(081ec22f194dd37459dd2f81947edc6e) Importer(815301076,1909f56bfc062723c751e8b465ee728b)  -> (artifact id: '79cbeee8892ea19f480cd904a84741f5') in 0.005770 seconds
  Import took 0.012067 seconds .

========================================================================
Received Import Request.
  Time since last request: 68.737894 seconds.
  path: Assets/Animation/SlideTest.anim
  artifactKey: Guid(804f62ed0018dbd43a089ec8d188d6aa) Importer(815301076,1909f56bfc062723c751e8b465ee728b)
Start importing Assets/Animation/SlideTest.anim using Guid(804f62ed0018dbd43a089ec8d188d6aa) Importer(815301076,1909f56bfc062723c751e8b465ee728b)  -> (artifact id: 'b5dc012dfcc3b011b5615e6708bcbc44') in 0.008313 seconds
  Import took 0.050638 seconds .

========================================================================
Received Prepare
Registering precompiled user dll's ...
Registered in 0.001894 seconds.
Begin MonoManager ReloadAssembly
Native extension for WindowsStandalone target not found
Refreshing native plugins compatible for Editor in 0.91 ms, found 0 plugins.
Preloading 0 native plugins for Editor in 0.00 ms.
Mono: successfully reloaded assembly
- Completed reload, in  0.862 seconds
Platform modules already initialized, skipping
Switching build target platform(5) subTarget(0) extendedPlatform(0) -> platform(13) subTarget(537395200) extendedPlatform(0)
Shader 'Universal Render Pipeline/Particles/Lit': fallback shader 'Universal Render Pipeline/Particles/SimpleLit' not found
Refreshing native plugins compatible for Editor in 0.91 ms, found 0 plugins.
Preloading 0 native plugins for Editor in 0.00 ms.
Unloading 2832 Unused Serialized files (Serialized files now loaded: 0)
System memory in use before: 151.7 MB.
System memory in use after: 151.9 MB.

Unloading 6 unused Assets to reduce memory usage. Loaded Objects now: 3495.
Total: 2.314900 ms (FindLiveObjects: 0.285900 ms CreateObjectMapping: 0.143800 ms MarkObjects: 1.871300 ms  DeleteObjects: 0.013000 ms)

AssetImportParameters requested are different than current active one (requested -> active):
  custom:graphics/normal-map-encoding: 01000000000000000000000000000000 -> 02000000000000000000000000000000
========================================================================
Received Import Request.
  Time since last request: 318.456811 seconds.
  path: Assets/Animation/man_lumberjack_Rig@Running Slide (1).fbx
  artifactKey: Guid(445d3151484abd24e8c34d3828746600) Importer(815301076,1909f56bfc062723c751e8b465ee728b)
Start importing Assets/Animation/man_lumberjack_Rig@Running Slide (1).fbx using Guid(445d3151484abd24e8c34d3828746600) Importer(815301076,1909f56bfc062723c751e8b465ee728b)  -> (artifact id: 'd5bf14a073c1571f7782041a9e728b8a') in 0.032375 seconds
  Import took 0.037735 seconds .

========================================================================
Received Import Request.
  Time since last request: 0.012940 seconds.
  path: Assets/Animation/man_lumberjack_Rig@Running Slide (1).fbx
  artifactKey: Guid(445d3151484abd24e8c34d3828746600) Importer(815301076,1909f56bfc062723c751e8b465ee728b)
Start importing Assets/Animation/man_lumberjack_Rig@Running Slide (1).fbx using Guid(445d3151484abd24e8c34d3828746600) Importer(815301076,1909f56bfc062723c751e8b465ee728b)  -> (artifact id: 'd5bf14a073c1571f7782041a9e728b8a') in 0.006271 seconds
  Import took 0.011742 seconds .

========================================================================
Received Import Request.
  Time since last request: 37.228123 seconds.
  path: Assets/Animation/man_lumberjack_Rig@Running Slide (1).fbx
  artifactKey: Guid(445d3151484abd24e8c34d3828746600) Importer(815301076,1909f56bfc062723c751e8b465ee728b)
Start importing Assets/Animation/man_lumberjack_Rig@Running Slide (1).fbx using Guid(445d3151484abd24e8c34d3828746600) Importer(815301076,1909f56bfc062723c751e8b465ee728b)  -> (artifact id: '16deb25e2dcca141c38bf09825f01a13') in 0.005111 seconds
  Import took 0.020757 seconds .

========================================================================
Received Import Request.
  Time since last request: 0.000686 seconds.
  path: Assets/Animation/man_lumberjack_Rig@Running Slide (1).fbx
  artifactKey: Guid(445d3151484abd24e8c34d3828746600) Importer(815301076,1909f56bfc062723c751e8b465ee728b)
Start importing Assets/Animation/man_lumberjack_Rig@Running Slide (1).fbx using Guid(445d3151484abd24e8c34d3828746600) Importer(815301076,1909f56bfc062723c751e8b465ee728b)  -> (artifact id: '16deb25e2dcca141c38bf09825f01a13') in 0.005152 seconds
  Import took 0.010203 seconds .

========================================================================
Received Import Request.
  Time since last request: 138.457315 seconds.
  path: Assets/Animation/man_lumberjack_Rig@Running Slide (1).fbx
  artifactKey: Guid(445d3151484abd24e8c34d3828746600) Importer(815301076,1909f56bfc062723c751e8b465ee728b)
Start importing Assets/Animation/man_lumberjack_Rig@Running Slide (1).fbx using Guid(445d3151484abd24e8c34d3828746600) Importer(815301076,1909f56bfc062723c751e8b465ee728b)  -> (artifact id: '76c3030a6bfa186f4e8c3ceb9a6cdf76') in 0.006522 seconds
  Import took 0.021727 seconds .

========================================================================
Received Import Request.
  Time since last request: 16.577855 seconds.
  path: Assets/Animation/man_lumberjack_Rig@Running Slide (1).fbx
  artifactKey: Guid(445d3151484abd24e8c34d3828746600) Importer(815301076,1909f56bfc062723c751e8b465ee728b)
Start importing Assets/Animation/man_lumberjack_Rig@Running Slide (1).fbx using Guid(445d3151484abd24e8c34d3828746600) Importer(815301076,1909f56bfc062723c751e8b465ee728b)  -> (artifact id: 'b855d13d6f9c1c0b1818a3d80989d542') in 0.005124 seconds
  Import took 0.015052 seconds .

========================================================================
Received Import Request.
  Time since last request: 319.139204 seconds.
  path: Assets/Animation/man_lumberjack_Rig@Running Slide.fbx
  artifactKey: Guid(081ec22f194dd37459dd2f81947edc6e) Importer(815301076,1909f56bfc062723c751e8b465ee728b)
Start importing Assets/Animation/man_lumberjack_Rig@Running Slide.fbx using Guid(081ec22f194dd37459dd2f81947edc6e) Importer(815301076,1909f56bfc062723c751e8b465ee728b)  -> (artifact id: '967b460cf0c398e52499646881f5a9e3') in 0.006449 seconds
  Import took 0.059909 seconds .

========================================================================
Received Prepare
Registering precompiled user dll's ...
Registered in 0.001904 seconds.
Begin MonoManager ReloadAssembly
Native extension for WindowsStandalone target not found
Refreshing native plugins compatible for Editor in 0.92 ms, found 0 plugins.
Preloading 0 native plugins for Editor in 0.00 ms.
Mono: successfully reloaded assembly
- Completed reload, in  0.853 seconds
Platform modules already initialized, skipping
Switching build target platform(5) subTarget(0) extendedPlatform(0) -> platform(13) subTarget(537395200) extendedPlatform(0)
Shader 'Universal Render Pipeline/Particles/Lit': fallback shader 'Universal Render Pipeline/Particles/SimpleLit' not found
Refreshing native plugins compatible for Editor in 0.92 ms, found 0 plugins.
Preloading 0 native plugins for Editor in 0.00 ms.
Unloading 2832 Unused Serialized files (Serialized files now loaded: 0)
System memory in use before: 151.7 MB.
System memory in use after: 152.0 MB.

Unloading 6 unused Assets to reduce memory usage. Loaded Objects now: 3498.
Total: 2.425800 ms (FindLiveObjects: 0.407100 ms CreateObjectMapping: 0.163400 ms MarkObjects: 1.840600 ms  DeleteObjects: 0.013300 ms)

AssetImportParameters requested are different than current active one (requested -> active):
  custom:graphics/normal-map-encoding: 01000000000000000000000000000000 -> 02000000000000000000000000000000
========================================================================
Received Import Request.
  Time since last request: 789.864625 seconds.
  path: Assets/ExternalAssets/Low Poly Animated People/- Prefabs
  artifactKey: Guid(1dafaf724e62a45409a18189abc19f82) Importer(815301076,1909f56bfc062723c751e8b465ee728b)
Start importing Assets/ExternalAssets/Low Poly Animated People/- Prefabs using Guid(1dafaf724e62a45409a18189abc19f82) Importer(815301076,1909f56bfc062723c751e8b465ee728b)  -> (artifact id: 'fcca0237a64882d1a4c31be43abb95a2') in 0.012071 seconds
  Import took 0.019805 seconds .

========================================================================
Received Prepare
Registering precompiled user dll's ...
Registered in 0.001870 seconds.
Begin MonoManager ReloadAssembly
Native extension for WindowsStandalone target not found
Refreshing native plugins compatible for Editor in 0.94 ms, found 0 plugins.
Preloading 0 native plugins for Editor in 0.00 ms.
Mono: successfully reloaded assembly
- Completed reload, in  0.886 seconds
Platform modules already initialized, skipping
Switching build target platform(5) subTarget(0) extendedPlatform(0) -> platform(13) subTarget(537395200) extendedPlatform(0)
Shader 'Universal Render Pipeline/Particles/Lit': fallback shader 'Universal Render Pipeline/Particles/SimpleLit' not found
Refreshing native plugins compatible for Editor in 0.94 ms, found 0 plugins.
Preloading 0 native plugins for Editor in 0.00 ms.
Unloading 2832 Unused Serialized files (Serialized files now loaded: 0)
System memory in use before: 151.8 MB.
System memory in use after: 152.0 MB.

Unloading 6 unused Assets to reduce memory usage. Loaded Objects now: 3501.
Total: 2.537200 ms (FindLiveObjects: 0.295100 ms CreateObjectMapping: 0.116500 ms MarkObjects: 2.107600 ms  DeleteObjects: 0.017300 ms)

AssetImportParameters requested are different than current active one (requested -> active):
  custom:graphics/normal-map-encoding: 01000000000000000000000000000000 -> 02000000000000000000000000000000
========================================================================
Received Prepare
Registering precompiled user dll's ...
Registered in 0.001829 seconds.
Begin MonoManager ReloadAssembly
Native extension for WindowsStandalone target not found
Refreshing native plugins compatible for Editor in 0.91 ms, found 0 plugins.
Preloading 0 native plugins for Editor in 0.00 ms.
Mono: successfully reloaded assembly
- Completed reload, in  0.877 seconds
Platform modules already initialized, skipping
Switching build target platform(5) subTarget(0) extendedPlatform(0) -> platform(13) subTarget(537395200) extendedPlatform(0)
Shader 'Universal Render Pipeline/Particles/Lit': fallback shader 'Universal Render Pipeline/Particles/SimpleLit' not found
Refreshing native plugins compatible for Editor in 1.05 ms, found 0 plugins.
Preloading 0 native plugins for Editor in 0.00 ms.
Unloading 2832 Unused Serialized files (Serialized files now loaded: 0)
System memory in use before: 151.8 MB.
System memory in use after: 152.0 MB.

Unloading 6 unused Assets to reduce memory usage. Loaded Objects now: 3504.
Total: 2.831200 ms (FindLiveObjects: 0.411900 ms CreateObjectMapping: 0.163400 ms MarkObjects: 2.238800 ms  DeleteObjects: 0.015900 ms)

AssetImportParameters requested are different than current active one (requested -> active):
  custom:graphics/normal-map-encoding: 01000000000000000000000000000000 -> 02000000000000000000000000000000
========================================================================
Received Prepare
Registering precompiled user dll's ...
Registered in 0.001870 seconds.
Begin MonoManager ReloadAssembly
Native extension for WindowsStandalone target not found
Refreshing native plugins compatible for Editor in 1.50 ms, found 0 plugins.
Preloading 0 native plugins for Editor in 0.00 ms.
Mono: successfully reloaded assembly
- Completed reload, in  1.120 seconds
Platform modules already initialized, skipping
Switching build target platform(5) subTarget(0) extendedPlatform(0) -> platform(13) subTarget(537395200) extendedPlatform(0)
Shader 'Universal Render Pipeline/Particles/Lit': fallback shader 'Universal Render Pipeline/Particles/SimpleLit' not found
Refreshing native plugins compatible for Editor in 1.31 ms, found 0 plugins.
Preloading 0 native plugins for Editor in 0.00 ms.
Unloading 2832 Unused Serialized files (Serialized files now loaded: 0)
System memory in use before: 151.8 MB.
System memory in use after: 152.0 MB.

Unloading 6 unused Assets to reduce memory usage. Loaded Objects now: 3507.
Total: 3.244700 ms (FindLiveObjects: 0.534500 ms CreateObjectMapping: 0.308700 ms MarkObjects: 2.382500 ms  DeleteObjects: 0.015900 ms)

AssetImportParameters requested are different than current active one (requested -> active):
  custom:graphics/normal-map-encoding: 01000000000000000000000000000000 -> 02000000000000000000000000000000
========================================================================
Received Prepare
Registering precompiled user dll's ...
Registered in 0.001878 seconds.
Begin MonoManager ReloadAssembly
Native extension for WindowsStandalone target not found
Refreshing native plugins compatible for Editor in 0.91 ms, found 0 plugins.
Preloading 0 native plugins for Editor in 0.00 ms.
Mono: successfully reloaded assembly
- Completed reload, in  0.895 seconds
Platform modules already initialized, skipping
Switching build target platform(5) subTarget(0) extendedPlatform(0) -> platform(13) subTarget(537395200) extendedPlatform(0)
Shader 'Universal Render Pipeline/Particles/Lit': fallback shader 'Universal Render Pipeline/Particles/SimpleLit' not found
Refreshing native plugins compatible for Editor in 0.93 ms, found 0 plugins.
Preloading 0 native plugins for Editor in 0.00 ms.
Unloading 2832 Unused Serialized files (Serialized files now loaded: 0)
System memory in use before: 151.8 MB.
System memory in use after: 152.0 MB.

Unloading 6 unused Assets to reduce memory usage. Loaded Objects now: 3510.
Total: 2.312900 ms (FindLiveObjects: 0.286100 ms CreateObjectMapping: 0.151300 ms MarkObjects: 1.860600 ms  DeleteObjects: 0.013800 ms)

AssetImportParameters requested are different than current active one (requested -> active):
  custom:graphics/normal-map-encoding: 01000000000000000000000000000000 -> 02000000000000000000000000000000
========================================================================
Received Prepare
Registering precompiled user dll's ...
Registered in 0.001906 seconds.
Begin MonoManager ReloadAssembly
Native extension for WindowsStandalone target not found
Refreshing native plugins compatible for Editor in 0.92 ms, found 0 plugins.
Preloading 0 native plugins for Editor in 0.00 ms.
Mono: successfully reloaded assembly
- Completed reload, in  0.905 seconds
Platform modules already initialized, skipping
Switching build target platform(5) subTarget(0) extendedPlatform(0) -> platform(13) subTarget(537395200) extendedPlatform(0)
Shader 'Universal Render Pipeline/Particles/Lit': fallback shader 'Universal Render Pipeline/Particles/SimpleLit' not found
Refreshing native plugins compatible for Editor in 0.93 ms, found 0 plugins.
Preloading 0 native plugins for Editor in 0.00 ms.
Unloading 2832 Unused Serialized files (Serialized files now loaded: 0)
System memory in use before: 151.8 MB.
System memory in use after: 152.0 MB.

Unloading 6 unused Assets to reduce memory usage. Loaded Objects now: 3513.
Total: 2.265000 ms (FindLiveObjects: 0.280300 ms CreateObjectMapping: 0.145900 ms MarkObjects: 1.825400 ms  DeleteObjects: 0.012700 ms)

AssetImportParameters requested are different than current active one (requested -> active):
  custom:graphics/normal-map-encoding: 01000000000000000000000000000000 -> 02000000000000000000000000000000
========================================================================
Received Import Request.
  Time since last request: 637.397048 seconds.
  path: Assets/Animation/Controller/PlayerEndlessController.controller
  artifactKey: Guid(741e9bbdc0b7b9442881350990a478d4) Importer(815301076,1909f56bfc062723c751e8b465ee728b)
Start importing Assets/Animation/Controller/PlayerEndlessController.controller using Guid(741e9bbdc0b7b9442881350990a478d4) Importer(815301076,1909f56bfc062723c751e8b465ee728b)  -> (artifact id: 'ed0ca7d7c70929ff09d7044da6339fa3') in 0.114636 seconds
  Import took 0.120060 seconds .

========================================================================
Received Prepare
Registering precompiled user dll's ...
Registered in 0.002689 seconds.
Begin MonoManager ReloadAssembly
Native extension for WindowsStandalone target not found
Refreshing native plugins compatible for Editor in 0.98 ms, found 0 plugins.
Preloading 0 native plugins for Editor in 0.00 ms.
Mono: successfully reloaded assembly
- Completed reload, in  1.060 seconds
Platform modules already initialized, skipping
Switching build target platform(5) subTarget(0) extendedPlatform(0) -> platform(13) subTarget(537395200) extendedPlatform(0)
Shader 'Universal Render Pipeline/Particles/Lit': fallback shader 'Universal Render Pipeline/Particles/SimpleLit' not found
Refreshing native plugins compatible for Editor in 1.17 ms, found 0 plugins.
Preloading 0 native plugins for Editor in 0.00 ms.
Unloading 2833 Unused Serialized files (Serialized files now loaded: 0)
System memory in use before: 151.8 MB.
System memory in use after: 152.1 MB.

Unloading 6 unused Assets to reduce memory usage. Loaded Objects now: 3517.
Total: 2.293500 ms (FindLiveObjects: 0.286500 ms CreateObjectMapping: 0.154900 ms MarkObjects: 1.837500 ms  DeleteObjects: 0.013900 ms)

AssetImportParameters requested are different than current active one (requested -> active):
  custom:graphics/normal-map-encoding: 01000000000000000000000000000000 -> 02000000000000000000000000000000
========================================================================
Received Prepare
Registering precompiled user dll's ...
Registered in 0.001896 seconds.
Begin MonoManager ReloadAssembly
Native extension for WindowsStandalone target not found
Refreshing native plugins compatible for Editor in 0.91 ms, found 0 plugins.
Preloading 0 native plugins for Editor in 0.00 ms.
Mono: successfully reloaded assembly
- Completed reload, in  0.951 seconds
Platform modules already initialized, skipping
Switching build target platform(5) subTarget(0) extendedPlatform(0) -> platform(13) subTarget(537395200) extendedPlatform(0)
Shader 'Universal Render Pipeline/Particles/Lit': fallback shader 'Universal Render Pipeline/Particles/SimpleLit' not found
Refreshing native plugins compatible for Editor in 0.98 ms, found 0 plugins.
Preloading 0 native plugins for Editor in 0.00 ms.
Unloading 2833 Unused Serialized files (Serialized files now loaded: 0)
System memory in use before: 151.8 MB.
System memory in use after: 152.1 MB.

Unloading 6 unused Assets to reduce memory usage. Loaded Objects now: 3520.
Total: 3.668100 ms (FindLiveObjects: 0.469900 ms CreateObjectMapping: 0.220600 ms MarkObjects: 2.956400 ms  DeleteObjects: 0.020200 ms)

AssetImportParameters requested are different than current active one (requested -> active):
  custom:graphics/normal-map-encoding: 01000000000000000000000000000000 -> 02000000000000000000000000000000
========================================================================
Received Prepare
Registering precompiled user dll's ...
Registered in 0.001935 seconds.
Begin MonoManager ReloadAssembly
Native extension for WindowsStandalone target not found
Refreshing native plugins compatible for Editor in 0.98 ms, found 0 plugins.
Preloading 0 native plugins for Editor in 0.00 ms.
Mono: successfully reloaded assembly
- Completed reload, in  0.911 seconds
Platform modules already initialized, skipping
Switching build target platform(5) subTarget(0) extendedPlatform(0) -> platform(13) subTarget(537395200) extendedPlatform(0)
Shader 'Universal Render Pipeline/Particles/Lit': fallback shader 'Universal Render Pipeline/Particles/SimpleLit' not found
Refreshing native plugins compatible for Editor in 0.96 ms, found 0 plugins.
Preloading 0 native plugins for Editor in 0.00 ms.
Unloading 2833 Unused Serialized files (Serialized files now loaded: 0)
System memory in use before: 151.8 MB.
System memory in use after: 152.1 MB.

Unloading 6 unused Assets to reduce memory usage. Loaded Objects now: 3523.
Total: 2.346500 ms (FindLiveObjects: 0.300100 ms CreateObjectMapping: 0.155700 ms MarkObjects: 1.876100 ms  DeleteObjects: 0.013700 ms)

AssetImportParameters requested are different than current active one (requested -> active):
  custom:graphics/normal-map-encoding: 01000000000000000000000000000000 -> 02000000000000000000000000000000
========================================================================
Received Prepare
Registering precompiled user dll's ...
Registered in 0.001860 seconds.
Begin MonoManager ReloadAssembly
Native extension for WindowsStandalone target not found
Refreshing native plugins compatible for Editor in 0.92 ms, found 0 plugins.
Preloading 0 native plugins for Editor in 0.00 ms.
Mono: successfully reloaded assembly
- Completed reload, in  0.935 seconds
Platform modules already initialized, skipping
Switching build target platform(5) subTarget(0) extendedPlatform(0) -> platform(13) subTarget(537395200) extendedPlatform(0)
Shader 'Universal Render Pipeline/Particles/Lit': fallback shader 'Universal Render Pipeline/Particles/SimpleLit' not found
Refreshing native plugins compatible for Editor in 0.94 ms, found 0 plugins.
Preloading 0 native plugins for Editor in 0.00 ms.
Unloading 2833 Unused Serialized files (Serialized files now loaded: 0)
System memory in use before: 152.4 MB.
System memory in use after: 152.6 MB.

Unloading 6 unused Assets to reduce memory usage. Loaded Objects now: 3526.
Total: 2.342800 ms (FindLiveObjects: 0.282900 ms CreateObjectMapping: 0.151200 ms MarkObjects: 1.893300 ms  DeleteObjects: 0.014400 ms)

AssetImportParameters requested are different than current active one (requested -> active):
  custom:graphics/normal-map-encoding: 01000000000000000000000000000000 -> 02000000000000000000000000000000
========================================================================
Received Prepare
Registering precompiled user dll's ...
Registered in 0.001877 seconds.
Begin MonoManager ReloadAssembly
Native extension for WindowsStandalone target not found
Refreshing native plugins compatible for Editor in 0.94 ms, found 0 plugins.
Preloading 0 native plugins for Editor in 0.00 ms.
Mono: successfully reloaded assembly
- Completed reload, in  0.935 seconds
Platform modules already initialized, skipping
Switching build target platform(5) subTarget(0) extendedPlatform(0) -> platform(13) subTarget(537395200) extendedPlatform(0)
Shader 'Universal Render Pipeline/Particles/Lit': fallback shader 'Universal Render Pipeline/Particles/SimpleLit' not found
Refreshing native plugins compatible for Editor in 0.94 ms, found 0 plugins.
Preloading 0 native plugins for Editor in 0.00 ms.
Unloading 2833 Unused Serialized files (Serialized files now loaded: 0)
System memory in use before: 152.4 MB.
System memory in use after: 152.6 MB.

Unloading 6 unused Assets to reduce memory usage. Loaded Objects now: 3529.
Total: 2.293800 ms (FindLiveObjects: 0.277000 ms CreateObjectMapping: 0.154100 ms MarkObjects: 1.847900 ms  DeleteObjects: 0.014000 ms)

AssetImportParameters requested are different than current active one (requested -> active):
  custom:graphics/normal-map-encoding: 01000000000000000000000000000000 -> 02000000000000000000000000000000
========================================================================
Received Prepare
Registering precompiled user dll's ...
Registered in 0.002515 seconds.
Begin MonoManager ReloadAssembly
Native extension for WindowsStandalone target not found
Refreshing native plugins compatible for Editor in 0.92 ms, found 0 plugins.
Preloading 0 native plugins for Editor in 0.00 ms.
Mono: successfully reloaded assembly
- Completed reload, in  0.931 seconds
Platform modules already initialized, skipping
Switching build target platform(5) subTarget(0) extendedPlatform(0) -> platform(13) subTarget(537395200) extendedPlatform(0)
Shader 'Universal Render Pipeline/Particles/Lit': fallback shader 'Universal Render Pipeline/Particles/SimpleLit' not found
Refreshing native plugins compatible for Editor in 0.95 ms, found 0 plugins.
Preloading 0 native plugins for Editor in 0.00 ms.
Unloading 2833 Unused Serialized files (Serialized files now loaded: 0)
System memory in use before: 152.4 MB.
System memory in use after: 152.6 MB.

Unloading 6 unused Assets to reduce memory usage. Loaded Objects now: 3532.
Total: 2.303800 ms (FindLiveObjects: 0.274400 ms CreateObjectMapping: 0.130300 ms MarkObjects: 1.884500 ms  DeleteObjects: 0.013700 ms)

AssetImportParameters requested are different than current active one (requested -> active):
  custom:graphics/normal-map-encoding: 01000000000000000000000000000000 -> 02000000000000000000000000000000
========================================================================
Received Prepare
Registering precompiled user dll's ...
Registered in 0.001861 seconds.
Begin MonoManager ReloadAssembly
Native extension for WindowsStandalone target not found
Refreshing native plugins compatible for Editor in 0.93 ms, found 0 plugins.
Preloading 0 native plugins for Editor in 0.00 ms.
Mono: successfully reloaded assembly
- Completed reload, in  0.931 seconds
Platform modules already initialized, skipping
Switching build target platform(5) subTarget(0) extendedPlatform(0) -> platform(13) subTarget(537395200) extendedPlatform(0)
Shader 'Universal Render Pipeline/Particles/Lit': fallback shader 'Universal Render Pipeline/Particles/SimpleLit' not found
Refreshing native plugins compatible for Editor in 0.94 ms, found 0 plugins.
Preloading 0 native plugins for Editor in 0.00 ms.
Unloading 2833 Unused Serialized files (Serialized files now loaded: 0)
System memory in use before: 152.4 MB.
System memory in use after: 152.6 MB.

Unloading 6 unused Assets to reduce memory usage. Loaded Objects now: 3535.
Total: 2.494700 ms (FindLiveObjects: 0.541200 ms CreateObjectMapping: 0.148800 ms MarkObjects: 1.789200 ms  DeleteObjects: 0.014400 ms)

AssetImportParameters requested are different than current active one (requested -> active):
  custom:graphics/normal-map-encoding: 01000000000000000000000000000000 -> 02000000000000000000000000000000
========================================================================
Received Prepare
Registering precompiled user dll's ...
Registered in 0.001858 seconds.
Begin MonoManager ReloadAssembly
Native extension for WindowsStandalone target not found
Refreshing native plugins compatible for Editor in 0.93 ms, found 0 plugins.
Preloading 0 native plugins for Editor in 0.00 ms.
Mono: successfully reloaded assembly
- Completed reload, in  0.978 seconds
Platform modules already initialized, skipping
Switching build target platform(5) subTarget(0) extendedPlatform(0) -> platform(13) subTarget(537395200) extendedPlatform(0)
Shader 'Universal Render Pipeline/Particles/Lit': fallback shader 'Universal Render Pipeline/Particles/SimpleLit' not found
Refreshing native plugins compatible for Editor in 0.92 ms, found 0 plugins.
Preloading 0 native plugins for Editor in 0.00 ms.
Unloading 2833 Unused Serialized files (Serialized files now loaded: 0)
System memory in use before: 152.4 MB.
System memory in use after: 152.6 MB.

Unloading 6 unused Assets to reduce memory usage. Loaded Objects now: 3538.
Total: 2.617800 ms (FindLiveObjects: 0.268600 ms CreateObjectMapping: 0.133900 ms MarkObjects: 2.198900 ms  DeleteObjects: 0.015600 ms)

AssetImportParameters requested are different than current active one (requested -> active):
  custom:graphics/normal-map-encoding: 01000000000000000000000000000000 -> 02000000000000000000000000000000
========================================================================
Received Prepare
Registering precompiled user dll's ...
Registered in 0.001881 seconds.
Begin MonoManager ReloadAssembly
Native extension for WindowsStandalone target not found
Refreshing native plugins compatible for Editor in 0.92 ms, found 0 plugins.
Preloading 0 native plugins for Editor in 0.00 ms.
Mono: successfully reloaded assembly
- Completed reload, in  0.941 seconds
Platform modules already initialized, skipping
Switching build target platform(5) subTarget(0) extendedPlatform(0) -> platform(13) subTarget(537395200) extendedPlatform(0)
Shader 'Universal Render Pipeline/Particles/Lit': fallback shader 'Universal Render Pipeline/Particles/SimpleLit' not found
Refreshing native plugins compatible for Editor in 0.95 ms, found 0 plugins.
Preloading 0 native plugins for Editor in 0.00 ms.
Unloading 2833 Unused Serialized files (Serialized files now loaded: 0)
System memory in use before: 152.4 MB.
System memory in use after: 152.6 MB.

Unloading 6 unused Assets to reduce memory usage. Loaded Objects now: 3541.
Total: 2.324300 ms (FindLiveObjects: 0.289300 ms CreateObjectMapping: 0.144000 ms MarkObjects: 1.876100 ms  DeleteObjects: 0.014200 ms)

AssetImportParameters requested are different than current active one (requested -> active):
  custom:graphics/normal-map-encoding: 01000000000000000000000000000000 -> 02000000000000000000000000000000
========================================================================
Received Prepare
Registering precompiled user dll's ...
Registered in 0.001895 seconds.
Begin MonoManager ReloadAssembly
Native extension for WindowsStandalone target not found
Refreshing native plugins compatible for Editor in 0.93 ms, found 0 plugins.
Preloading 0 native plugins for Editor in 0.00 ms.
Mono: successfully reloaded assembly
- Completed reload, in  0.998 seconds
Platform modules already initialized, skipping
Switching build target platform(5) subTarget(0) extendedPlatform(0) -> platform(13) subTarget(537395200) extendedPlatform(0)
Shader 'Universal Render Pipeline/Particles/Lit': fallback shader 'Universal Render Pipeline/Particles/SimpleLit' not found
Refreshing native plugins compatible for Editor in 0.96 ms, found 0 plugins.
Preloading 0 native plugins for Editor in 0.00 ms.
Unloading 2833 Unused Serialized files (Serialized files now loaded: 0)
System memory in use before: 152.4 MB.
System memory in use after: 152.6 MB.

Unloading 6 unused Assets to reduce memory usage. Loaded Objects now: 3544.
Total: 2.524000 ms (FindLiveObjects: 0.305500 ms CreateObjectMapping: 0.136200 ms MarkObjects: 2.065900 ms  DeleteObjects: 0.015400 ms)

AssetImportParameters requested are different than current active one (requested -> active):
  custom:graphics/normal-map-encoding: 01000000000000000000000000000000 -> 02000000000000000000000000000000
========================================================================
Received Prepare
Registering precompiled user dll's ...
Registered in 0.001845 seconds.
Begin MonoManager ReloadAssembly
Native extension for WindowsStandalone target not found
Refreshing native plugins compatible for Editor in 0.99 ms, found 0 plugins.
Preloading 0 native plugins for Editor in 0.00 ms.
Mono: successfully reloaded assembly
- Completed reload, in  0.977 seconds
Platform modules already initialized, skipping
Switching build target platform(5) subTarget(0) extendedPlatform(0) -> platform(13) subTarget(537395200) extendedPlatform(0)
Shader 'Universal Render Pipeline/Particles/Lit': fallback shader 'Universal Render Pipeline/Particles/SimpleLit' not found
Refreshing native plugins compatible for Editor in 0.98 ms, found 0 plugins.
Preloading 0 native plugins for Editor in 0.00 ms.
Unloading 2833 Unused Serialized files (Serialized files now loaded: 0)
System memory in use before: 152.4 MB.
System memory in use after: 152.6 MB.

Unloading 6 unused Assets to reduce memory usage. Loaded Objects now: 3547.
Total: 2.810600 ms (FindLiveObjects: 0.368400 ms CreateObjectMapping: 0.214800 ms MarkObjects: 2.206700 ms  DeleteObjects: 0.019500 ms)

AssetImportParameters requested are different than current active one (requested -> active):
  custom:graphics/normal-map-encoding: 01000000000000000000000000000000 -> 02000000000000000000000000000000
========================================================================
Received Prepare
Registering precompiled user dll's ...
Registered in 0.001875 seconds.
Begin MonoManager ReloadAssembly
Native extension for WindowsStandalone target not found
Refreshing native plugins compatible for Editor in 0.91 ms, found 0 plugins.
Preloading 0 native plugins for Editor in 0.00 ms.
Mono: successfully reloaded assembly
- Completed reload, in  0.976 seconds
Platform modules already initialized, skipping
Switching build target platform(5) subTarget(0) extendedPlatform(0) -> platform(13) subTarget(537395200) extendedPlatform(0)
Shader 'Universal Render Pipeline/Particles/Lit': fallback shader 'Universal Render Pipeline/Particles/SimpleLit' not found
Refreshing native plugins compatible for Editor in 0.95 ms, found 0 plugins.
Preloading 0 native plugins for Editor in 0.00 ms.
Unloading 2833 Unused Serialized files (Serialized files now loaded: 0)
System memory in use before: 152.4 MB.
System memory in use after: 152.6 MB.

Unloading 6 unused Assets to reduce memory usage. Loaded Objects now: 3550.
Total: 2.430000 ms (FindLiveObjects: 0.285100 ms CreateObjectMapping: 0.152900 ms MarkObjects: 1.977100 ms  DeleteObjects: 0.013800 ms)

AssetImportParameters requested are different than current active one (requested -> active):
  custom:graphics/normal-map-encoding: 01000000000000000000000000000000 -> 02000000000000000000000000000000
========================================================================
Received Prepare
Registering precompiled user dll's ...
Registered in 0.001972 seconds.
Begin MonoManager ReloadAssembly
Native extension for WindowsStandalone target not found
Refreshing native plugins compatible for Editor in 0.92 ms, found 0 plugins.
Preloading 0 native plugins for Editor in 0.00 ms.
Mono: successfully reloaded assembly
- Completed reload, in  1.065 seconds
Platform modules already initialized, skipping
Switching build target platform(5) subTarget(0) extendedPlatform(0) -> platform(13) subTarget(537395200) extendedPlatform(0)
Shader 'Universal Render Pipeline/Particles/Lit': fallback shader 'Universal Render Pipeline/Particles/SimpleLit' not found
Refreshing native plugins compatible for Editor in 1.39 ms, found 0 plugins.
Preloading 0 native plugins for Editor in 0.00 ms.
Unloading 2833 Unused Serialized files (Serialized files now loaded: 0)
System memory in use before: 152.4 MB.
System memory in use after: 152.6 MB.

Unloading 6 unused Assets to reduce memory usage. Loaded Objects now: 3553.
Total: 2.340800 ms (FindLiveObjects: 0.292400 ms CreateObjectMapping: 0.189900 ms MarkObjects: 1.843700 ms  DeleteObjects: 0.014100 ms)

AssetImportParameters requested are different than current active one (requested -> active):
  custom:graphics/normal-map-encoding: 01000000000000000000000000000000 -> 02000000000000000000000000000000
========================================================================
Received Prepare
Registering precompiled user dll's ...
Registered in 0.001961 seconds.
Begin MonoManager ReloadAssembly
Native extension for WindowsStandalone target not found
Refreshing native plugins compatible for Editor in 0.92 ms, found 0 plugins.
Preloading 0 native plugins for Editor in 0.00 ms.
Mono: successfully reloaded assembly
- Completed reload, in  0.978 seconds
Platform modules already initialized, skipping
Switching build target platform(5) subTarget(0) extendedPlatform(0) -> platform(13) subTarget(537395200) extendedPlatform(0)
Shader 'Universal Render Pipeline/Particles/Lit': fallback shader 'Universal Render Pipeline/Particles/SimpleLit' not found
Refreshing native plugins compatible for Editor in 1.00 ms, found 0 plugins.
Preloading 0 native plugins for Editor in 0.00 ms.
Unloading 2833 Unused Serialized files (Serialized files now loaded: 0)
System memory in use before: 152.4 MB.
System memory in use after: 152.7 MB.

Unloading 6 unused Assets to reduce memory usage. Loaded Objects now: 3556.
Total: 2.330000 ms (FindLiveObjects: 0.284300 ms CreateObjectMapping: 0.145900 ms MarkObjects: 1.883800 ms  DeleteObjects: 0.015400 ms)

AssetImportParameters requested are different than current active one (requested -> active):
  custom:graphics/normal-map-encoding: 01000000000000000000000000000000 -> 02000000000000000000000000000000
========================================================================
Received Prepare
Registering precompiled user dll's ...
Registered in 0.001843 seconds.
Begin MonoManager ReloadAssembly
Native extension for WindowsStandalone target not found
Refreshing native plugins compatible for Editor in 0.91 ms, found 0 plugins.
Preloading 0 native plugins for Editor in 0.00 ms.
Mono: successfully reloaded assembly
- Completed reload, in  1.025 seconds
Platform modules already initialized, skipping
Switching build target platform(5) subTarget(0) extendedPlatform(0) -> platform(13) subTarget(537395200) extendedPlatform(0)
Shader 'Universal Render Pipeline/Particles/Lit': fallback shader 'Universal Render Pipeline/Particles/SimpleLit' not found
Refreshing native plugins compatible for Editor in 0.94 ms, found 0 plugins.
Preloading 0 native plugins for Editor in 0.00 ms.
Unloading 2833 Unused Serialized files (Serialized files now loaded: 0)
System memory in use before: 152.4 MB.
System memory in use after: 152.7 MB.

Unloading 6 unused Assets to reduce memory usage. Loaded Objects now: 3559.
Total: 2.639600 ms (FindLiveObjects: 0.425600 ms CreateObjectMapping: 0.193800 ms MarkObjects: 2.005500 ms  DeleteObjects: 0.014000 ms)

AssetImportParameters requested are different than current active one (requested -> active):
  custom:graphics/normal-map-encoding: 01000000000000000000000000000000 -> 02000000000000000000000000000000
========================================================================
Received Prepare
Registering precompiled user dll's ...
Registered in 0.001902 seconds.
Begin MonoManager ReloadAssembly
Native extension for WindowsStandalone target not found
Refreshing native plugins compatible for Editor in 0.93 ms, found 0 plugins.
Preloading 0 native plugins for Editor in 0.00 ms.
Mono: successfully reloaded assembly
- Completed reload, in  1.011 seconds
Platform modules already initialized, skipping
Switching build target platform(5) subTarget(0) extendedPlatform(0) -> platform(13) subTarget(537395200) extendedPlatform(0)
Shader 'Universal Render Pipeline/Particles/Lit': fallback shader 'Universal Render Pipeline/Particles/SimpleLit' not found
Refreshing native plugins compatible for Editor in 1.05 ms, found 0 plugins.
Preloading 0 native plugins for Editor in 0.00 ms.
Unloading 2833 Unused Serialized files (Serialized files now loaded: 0)
System memory in use before: 152.4 MB.
System memory in use after: 152.7 MB.

Unloading 6 unused Assets to reduce memory usage. Loaded Objects now: 3562.
Total: 2.581400 ms (FindLiveObjects: 0.284400 ms CreateObjectMapping: 0.140800 ms MarkObjects: 2.140500 ms  DeleteObjects: 0.015000 ms)

AssetImportParameters requested are different than current active one (requested -> active):
  custom:graphics/normal-map-encoding: 01000000000000000000000000000000 -> 02000000000000000000000000000000
========================================================================
Received Prepare
Registering precompiled user dll's ...
Registered in 0.001869 seconds.
Begin MonoManager ReloadAssembly
Native extension for WindowsStandalone target not found
Refreshing native plugins compatible for Editor in 0.93 ms, found 0 plugins.
Preloading 0 native plugins for Editor in 0.00 ms.
Mono: successfully reloaded assembly
- Completed reload, in  1.030 seconds
Platform modules already initialized, skipping
Switching build target platform(5) subTarget(0) extendedPlatform(0) -> platform(13) subTarget(537395200) extendedPlatform(0)
Shader 'Universal Render Pipeline/Particles/Lit': fallback shader 'Universal Render Pipeline/Particles/SimpleLit' not found
Refreshing native plugins compatible for Editor in 0.94 ms, found 0 plugins.
Preloading 0 native plugins for Editor in 0.00 ms.
Unloading 2833 Unused Serialized files (Serialized files now loaded: 0)
System memory in use before: 152.4 MB.
System memory in use after: 152.7 MB.

Unloading 6 unused Assets to reduce memory usage. Loaded Objects now: 3565.
Total: 3.239500 ms (FindLiveObjects: 0.318000 ms CreateObjectMapping: 0.132800 ms MarkObjects: 2.770300 ms  DeleteObjects: 0.017600 ms)

AssetImportParameters requested are different than current active one (requested -> active):
  custom:graphics/normal-map-encoding: 01000000000000000000000000000000 -> 02000000000000000000000000000000
